[sse:debug] Running SSE on /home/faisal/code/lsl/sct/benchmark/32/openssl-O3/rsa_decrypt_oaep/bin/rsa_decrypt_oaep_openssl-O3_32.core
OpenSSL is chosen
2048 is chosen as key len
[sse:debug] starting from core
                                                        hook <tester_main:last> with
                                                          reach
                                                        end
                                                        explore all
                                                        hook <tester_main:last> with
                                                          cut 
                                                        end
                                                        rsa_dd<sizeof(@[@[<rsa_d>, 4], 256])> := taint secret
                                                        @[@[<rsa_d>, 4], 256] := rsa_dd<sizeof(@[@[<rsa_d>, 4], 256])>
                                                        rsa_pp<sizeof(@[@[<rsa_p>, 4], 128])> := taint secret
                                                        @[@[<rsa_p>, 4], 128] := rsa_pp<sizeof(@[@[<rsa_p>, 4], 128])>
                                                        rsa_qq<sizeof(@[@[<rsa_q>, 4], 128])> := taint secret
                                                        @[@[<rsa_q>, 4], 128] := rsa_qq<sizeof(@[@[<rsa_q>, 4], 128])>
                                                        rsa_dmp11<sizeof(@[@[<rsa_dmp1>, 4], 128])> := taint secret
                                                        @[@[<rsa_dmp1>, 4], 128] := rsa_dmp11<sizeof(@[@[<rsa_dmp1>, 4], 128])>
                                                        rsa_dmq11<sizeof(@[@[<rsa_dmq1>, 4], 128])> := taint secret
                                                        @[@[<rsa_dmq1>, 4], 128] := rsa_dmq11<sizeof(@[@[<rsa_dmq1>, 4], 128])>
                                                        rsa_iqmpp<sizeof(@[@[<rsa_iqmp>, 4], 128])> := taint secret
                                                        @[@[<rsa_iqmp>, 4], 128] := rsa_iqmpp<sizeof(@[@[<rsa_iqmp>, 4], 128])>
                                                        base_addr<32> := 0x1fff0000
                                                        hook <printf> with
                                                          nop
                                                          return 1
                                                        end
                                                        hook <putchar> with
                                                          nop
                                                          return 97
                                                        end
                                                        hook <fwrite> with
                                                          return 1
                                                        end
                                                        hook <malloc> with
                                                          sz := arg(0)
                                                          ret_val<32> := base_addr
                                                          base_addr := (base_addr + sz)
                                                          return ret_val
                                                        end
                                                        hook <free> with
                                                          nop
                                                          return 0
                                                        end
                                                        hook <fprintf> with
                                                          nop
                                                          return 1
                                                        end
                                                        hook <RAND_bytes_ex> with
                                                          strength := arg(3)
                                                          num := arg(2)
                                                          buf := arg(1)
                                                          ctx := arg(0)
                                                          print hexa num
                                                          i<32> := 0
                                                          %4:
                                                          if (i<32> <=s num) then goto %5
                                                          goto %6
                                                          %5:
                                                          @[(buf + i), 1] := nondet
                                                          i<32> := (i<32> + 1)
                                                          goto %4
                                                          %6:
                                                          return
                                                        end
                                                        gs_base<32> := 0xf7fc25c0
                                                        hook <BN_clear_free> with
                                                          nop
                                                          return 0
                                                        end
                                                        hook <BN_free> with
                                                          nop
                                                          return 0
                                                        end
                                                        hook <CRYPTO_malloc> with
                                                          sz := arg(0)
                                                          ret_val<32> := base_addr
                                                          base_addr := (base_addr + sz)
                                                          return ret_val
                                                        end
                                                        hook <CRYPTO_free> with
                                                          nop
                                                          return 0
                                                        end
                                                        hook <CRYPTO_clear_free> with
                                                          nop
                                                          return 0
                                                        end
                                                        hook <OPENSSL_cleanse> with
                                                          nop
                                                          return 0
                                                        end
                                                        def mk_safe( ... )
@[(p + 4), 4] := (0b1 & (@[p, 4] = 0x0)) ? 0x0 : @[(p + 4), 4], @[(p + 8), 4] := (0b1 & (@[p, 4] = 0x0)) ? 0x10 : @[(p + 8), 4], @[(p + 12), 4] := (0b1 & (@[p, 4] = 0x0)) ? 0 : @[(p + 12), 4], @[p, 4] := (0b1 & (@[p, 4] = 0x0)) ? base_addr : @[p, 4], base_addr := (base_addr + 0x100)
end
                                                        def mk_d_safe( ... )
@[base_addr, 256] := @[@[p, 4], 256], @[p, 4] := base_addr, base_addr := (base_addr + 0x100)
end
                                                        hook <ERR_put_error> with
                                                          return 0
                                                        end
                                                        hook <BN_bin2bn> with
                                                          bin2bn2_s_ret := arg(2)
                                                          bin2bn2_s_len := arg(1)
                                                          bin2bn2_s := arg(0)
                                                          new_addr<32> := (0b1 & (bin2bn2_s_ret = 0)) ? (base_addr + 0x14) : base_addr
                                                          bin2bn2_s_ret := (0b1 & (bin2bn2_s_ret = 0)) ? base_addr : bin2bn2_s_ret
                                                          base_addr := new_addr
                                                          @[bin2bn2_s_ret, 4] := base_addr
                                                          base_addr := (base_addr + 0x100)
                                                          d_tmp<32> := 0x2f000000
                                                          @[d_tmp, 256] := 0
                                                          i<32> := 0
                                                          %10:
                                                          if (i<32> <=s (bin2bn2_s_len - 1)) then goto %11
                                                          goto %12
                                                          %11:
                                                          @[(d_tmp + i), 1] := @[(((bin2bn2_s + bin2bn2_s_len) - i) - 1), 1]
                                                          i<32> := (i<32> + 1)
                                                          goto %10
                                                          %12:
                                                          bin2bn2_s_bv<2056> := (uext2056 @[d_tmp, 256])
                                                          PushBV bin2bn2_s_bv
                                                          PopBN bin2bn2_s_ret
                                                          print hexa bin2bn2_s_ret
                                                          return bin2bn2_s_ret
                                                        end
                                                        hook <BN_num_bits> with
                                                          nb_bn := arg(0)
                                                          print hexa nb_bn
                                                          print hexa @[nb_bn, 4]
                                                          print hexa @[(nb_bn + 4), 4]
                                                          print hexa @[@[nb_bn, 4], 256]
                                                          PushBN nb_bn
                                                          PopBV nb_bn_bv<2056>
                                                          print hexa nb_bn_bv
                                                          btln<32> := 0
                                                          nb_bn_bv_p<2056> := (nb_bn_bv >>u 1024)
                                                          btln := (0b1 & (nb_bn_bv_p = 0)) ? btln : (btln + 1024)
                                                          nb_bn_bv := (0b1 & (nb_bn_bv_p = 0)) ? nb_bn_bv : nb_bn_bv_p
                                                          nb_bn_bv_p<2056> := (nb_bn_bv >>u 512)
                                                          btln := (0b1 & (nb_bn_bv_p = 0)) ? btln : (btln + 512)
                                                          nb_bn_bv := (0b1 & (nb_bn_bv_p = 0)) ? nb_bn_bv : nb_bn_bv_p
                                                          nb_bn_bv_p<2056> := (nb_bn_bv >>u 256)
                                                          btln := (0b1 & (nb_bn_bv_p = 0)) ? btln : (btln + 256)
                                                          nb_bn_bv := (0b1 & (nb_bn_bv_p = 0)) ? nb_bn_bv : nb_bn_bv_p
                                                          nb_bn_bv_p<2056> := (nb_bn_bv >>u 128)
                                                          btln := (0b1 & (nb_bn_bv_p = 0)) ? btln : (btln + 128)
                                                          nb_bn_bv := (0b1 & (nb_bn_bv_p = 0)) ? nb_bn_bv : nb_bn_bv_p
                                                          nb_bn_bv_p<2056> := (nb_bn_bv >>u 64)
                                                          btln := (0b1 & (nb_bn_bv_p = 0)) ? btln : (btln + 64)
                                                          nb_bn_bv := (0b1 & (nb_bn_bv_p = 0)) ? nb_bn_bv : nb_bn_bv_p
                                                          nb_bn_bv_p<2056> := (nb_bn_bv >>u 32)
                                                          btln := (0b1 & (nb_bn_bv_p = 0)) ? btln : (btln + 32)
                                                          nb_bn_bv := (0b1 & (nb_bn_bv_p = 0)) ? nb_bn_bv : nb_bn_bv_p
                                                          nb_bn_bv_p<2056> := (nb_bn_bv >>u 16)
                                                          btln := (0b1 & (nb_bn_bv_p = 0)) ? btln : (btln + 16)
                                                          nb_bn_bv := (0b1 & (nb_bn_bv_p = 0)) ? nb_bn_bv : nb_bn_bv_p
                                                          nb_bn_bv_p<2056> := (nb_bn_bv >>u 8)
                                                          btln := (0b1 & (nb_bn_bv_p = 0)) ? btln : (btln + 8)
                                                          nb_bn_bv := (0b1 & (nb_bn_bv_p = 0)) ? nb_bn_bv : nb_bn_bv_p
                                                          nb_bn_bv_p<2056> := (nb_bn_bv >>u 4)
                                                          btln := (0b1 & (nb_bn_bv_p = 0)) ? btln : (btln + 4)
                                                          nb_bn_bv := (0b1 & (nb_bn_bv_p = 0)) ? nb_bn_bv : nb_bn_bv_p
                                                          nb_bn_bv_p<2056> := (nb_bn_bv >>u 2)
                                                          btln := (0b1 & (nb_bn_bv_p = 0)) ? btln : (btln + 2)
                                                          nb_bn_bv := (0b1 & (nb_bn_bv_p = 0)) ? nb_bn_bv : nb_bn_bv_p
                                                          nb_bn_bv_p<2056> := (nb_bn_bv >>u 1)
                                                          btln := (0b1 & (nb_bn_bv_p = 0)) ? btln : (btln + 1)
                                                          nb_bn_bv := (0b1 & (nb_bn_bv_p = 0)) ? nb_bn_bv : nb_bn_bv_p
                                                          btln := (0b1 & (nb_bn_bv = 0)) ? btln : (btln + 1)
                                                          return btln
                                                        end
                                                        hook <BN_mod_mul_montgomery> with
                                                          nop
                                                          modmul_mont := arg(3)
                                                          modmul_b := arg(2)
                                                          modmul_a := arg(1)
                                                          modmul_r := arg(0)
                                                          modmul_ri<32> := @[modmul_mont, 4]
                                                          modmul_RR<5112> := (1 << (uext5112 modmul_ri))
                                                          modmul_N<32> := (modmul_mont + 24)
                                                          modmul_Ni<32> := (modmul_mont + 44)
                                                          PushBN modmul_N
                                                          PopBV modmul_N_bv<2056>
                                                          modmul_N_bv4<5112> := (uext5112 modmul_N_bv)
                                                          PushBN modmul_a
                                                          PopBV modmul_a_bv<2056>
                                                          modmul_a_bv4<5112> := (uext5112 (modmul_a_bv %u modmul_N_bv))
                                                          PushBN modmul_b
                                                          PopBV modmul_b_bv<2056>
                                                          modmul_b_bv4<5112> := (uext5112 (modmul_b_bv %u modmul_N_bv))
                                                          PushBN modmul_Ni
                                                          PopBV modmul_Ni_bv<2056>
                                                          modmul_Ni_bv4<5112> := (uext5112 modmul_Ni_bv)
                                                          modmul_t<5112> := (modmul_a_bv4 * modmul_b_bv4)
                                                          modmul_mu<5112> := ((modmul_t * modmul_Ni_bv4) %u modmul_RR)
                                                          modmul_s<5112> := (modmul_t + (modmul_mu * modmul_N_bv4))
                                                          modmul_u<5112> := (modmul_s >>u (uext5112 modmul_ri))
                                                          modmul_u := (0b1 & (modmul_u >=u modmul_N_bv4)) ? (modmul_u - modmul_N_bv4) : modmul_u
                                                          modmul_r_bv<2056> := modmul_u{2055..0}
                                                          PushBV modmul_r_bv
                                                          PopBN modmul_r
                                                          return 1
                                                        end
                                                        hook <bn_mul_mont_fixed_top> with
                                                          nop
                                                          modmul_mont := arg(3)
                                                          modmul_b := arg(2)
                                                          modmul_a := arg(1)
                                                          modmul_r := arg(0)
                                                          modmul_ri<32> := @[modmul_mont, 4]
                                                          modmul_RR<5112> := (1 << (uext5112 modmul_ri))
                                                          modmul_N<32> := (modmul_mont + 24)
                                                          modmul_Ni<32> := (modmul_mont + 44)
                                                          PushBN modmul_N
                                                          PopBV modmul_N_bv<2056>
                                                          modmul_N_bv4<5112> := (uext5112 modmul_N_bv)
                                                          PushBN modmul_a
                                                          PopBV modmul_a_bv<2056>
                                                          modmul_a_bv4<5112> := (uext5112 (modmul_a_bv %u modmul_N_bv))
                                                          PushBN modmul_b
                                                          PopBV modmul_b_bv<2056>
                                                          modmul_b_bv4<5112> := (uext5112 (modmul_b_bv %u modmul_N_bv))
                                                          PushBN modmul_Ni
                                                          PopBV modmul_Ni_bv<2056>
                                                          modmul_Ni_bv4<5112> := (uext5112 modmul_Ni_bv)
                                                          modmul_t<5112> := (modmul_a_bv4 * modmul_b_bv4)
                                                          modmul_mu<5112> := ((modmul_t * modmul_Ni_bv4) %u modmul_RR)
                                                          modmul_s<5112> := (modmul_t + (modmul_mu * modmul_N_bv4))
                                                          modmul_u<5112> := (modmul_s >>u (uext5112 modmul_ri))
                                                          modmul_u := (0b1 & (modmul_u >=u modmul_N_bv4)) ? (modmul_u - modmul_N_bv4) : modmul_u
                                                          modmul_r_bv<2056> := modmul_u{2055..0}
                                                          PushBV modmul_r_bv
                                                          PopBN modmul_r
                                                          return 1
                                                        end
                                                        hook <BN_is_odd> with
                                                          isodd_a := arg(0)
                                                          PushBN isodd_a
                                                          PopBV isodd_a_bv<2056>
                                                          return (isodd_a_bv & 0x1){31..0}
                                                        end
                                                        hook <BN_div> with
                                                          nop
                                                          divisor := arg(3)
                                                          num := arg(2)
                                                          rm := arg(1)
                                                          dv := arg(0)
                                                          PushBN num
                                                          PopBV bv_num<2056>
                                                          PushBN divisor
                                                          PopBV bv_divisor<2056>
                                                          bv_divisor := (0b1 & (bv_divisor = 0)) ? (bv_divisor + 1) : bv_divisor
                                                          if ! ((dv <> 0)) then goto %17
                                                          call_macro mk_safe(dv as dv)
                                                          bv_dv<2056> := (0b1 & (bv_divisor = 0)) ? 0 : (bv_num /u bv_divisor)
                                                          PushBV bv_dv
                                                          PopBN dv
                                                          %17:
                                                          if ! ((rm <> 0)) then goto %22
                                                          call_macro mk_safe(rm as rm)
                                                          bv_rm<2056> := (0b1 & (bv_divisor = 0)) ? 0 : (bv_num %u bv_divisor)
                                                          PushBV bv_rm
                                                          PopBV rm
                                                          %22:
                                                          return 1
                                                        end
                                                        hook <BN_mod_exp_mont> with
                                                          nop
                                                          nop
                                                          modexp_m := arg(3)
                                                          modexp_p := arg(2)
                                                          modexp_a := arg(1)
                                                          modexp_rr := arg(0)
                                                          print hexa @[(modexp_a + 4), 4]
                                                          print hexa @[@[modexp_a, 4], 128]
                                                          print hexa @[(modexp_p + 4), 4]
                                                          print hexa @[@[modexp_p, 4], 128]
                                                          print hexa @[(modexp_m + 4), 4]
                                                          print hexa @[@[modexp_m, 4], 128]
                                                          PushBN modexp_a
                                                          PopBV modexp_a_bv<2056>
                                                          PushBN modexp_p
                                                          PopBV modexp_p_bv<2056>
                                                          PushBN modexp_m
                                                          PopBV modexp_m_bv<2056>
                                                          modexp_rr_bv<2056> := 1
                                                          modexp_aa_bv<2056> := (modexp_a_bv %u 0xe449a23c)
                                                          modexp_j<2056> := 0
                                                          %41:
                                                          if (modexp_j<2056> <=s 2055) then goto %42
                                                          goto %43
                                                          %42:
                                                          modexp_i<2056> := (2055 - modexp_j)
                                                          modexp_r2_bv<2056> := ((modexp_rr_bv * modexp_rr_bv) %u 0xe449a23c)
                                                          modexp_r3_bv<2056> := ((modexp_r2_bv * modexp_aa_bv) %u 0xe449a23c)
                                                          bit<2056> := ((modexp_p_bv >>u modexp_i) & 0x1)
                                                          mask<2056> := (0 - bit)
                                                          modexp_rr_bv := ((modexp_r3_bv & mask) | (modexp_r2_bv & ! (mask)))
                                                          modexp_j<2056> := (modexp_j<2056> + 1)
                                                          goto %41
                                                          %43:
                                                          print hexa modexp_rr_bv
                                                          PushBV modexp_rr_bv
                                                          PopBN modexp_rr
                                                          return 1
                                                        end
                                                        hook <BN_mod_exp_mont_consttime> with
                                                          nop
                                                          nop
                                                          modexp_m := arg(3)
                                                          modexp_p := arg(2)
                                                          modexp_a := arg(1)
                                                          modexp_rr := arg(0)
                                                          print hexa @[(modexp_a + 4), 4]
                                                          print hexa @[@[modexp_a, 4], 128]
                                                          print hexa @[(modexp_p + 4), 4]
                                                          print hexa @[@[modexp_p, 4], 128]
                                                          print hexa @[(modexp_m + 4), 4]
                                                          print hexa @[@[modexp_m, 4], 128]
                                                          PushBN modexp_a
                                                          PopBV modexp_a_bv<2056>
                                                          PushBN modexp_p
                                                          PopBV modexp_p_bv<2056>
                                                          PushBN modexp_m
                                                          PopBV modexp_m_bv<2056>
                                                          print hexa @[@[modexp_m, 4], 256]
                                                          print hexa @[(modexp_m + 4), 4]
                                                          print hexa @[(modexp_m + 12), 4]
                                                          print hexa modexp_m_bv
                                                          modexp_m_bv := (0b1 & (modexp_m_bv = 0)) ? (modexp_m_bv + 1) : modexp_m_bv
                                                          modexp_rr_bv<2056> := 1
                                                          modexp_aa_bv<2056> := (modexp_a_bv %u modexp_m_bv)
                                                          modexp_j<2056> := 0
                                                          %62:
                                                          if (modexp_j<2056> <=s 2055) then goto %63
                                                          goto %64
                                                          %63:
                                                          modexp_i<2056> := (2055 - modexp_j)
                                                          modexp_r2_bv<2056> := ((modexp_rr_bv * modexp_rr_bv) %u 0x2233)
                                                          modexp_r3_bv<2056> := ((modexp_r2_bv * modexp_aa_bv) %u 0x2233)
                                                          bit<2056> := ((modexp_p_bv >>u modexp_i) & 0x1)
                                                          mask<2056> := (0 - bit)
                                                          modexp_rr_bv := ((modexp_r3_bv & mask) | (modexp_r2_bv & ! (mask)))
                                                          modexp_j<2056> := (modexp_j<2056> + 1)
                                                          goto %62
                                                          %64:
                                                          print hexa modexp_rr_bv
                                                          PushBV modexp_rr_bv
                                                          PopBN modexp_rr
                                                          return 1
                                                        end
                                                        hook <BN_mod_exp_mont_consttime_x2> with
                                                          nop
                                                          m2 := arg(8)
                                                          p2 := arg(7)
                                                          a2 := arg(6)
                                                          rr2 := arg(5)
                                                          inmon1 := arg(4)
                                                          m1 := arg(3)
                                                          p1 := arg(2)
                                                          a1 := arg(1)
                                                          rr1 := arg(0)
                                                          print hexa @[@[a1, 4], 128]
                                                          print hexa @[(a1 + 4), 4]
                                                          print hexa @[@[p1, 4], 128]
                                                          print hexa @[(p1 + 4), 4]
                                                          print hexa @[@[m1, 4], 128]
                                                          print hexa @[(m1 + 4), 4]
                                                          print hexa @[@[a2, 4], 128]
                                                          print hexa @[@[p2, 4], 128]
                                                          print hexa @[@[m2, 4], 128]
                                                        end
                                                        hook <BN_abs_cmp> with
                                                          abscmp_b := arg(1)
                                                          abscmp_a := arg(0)
                                                          PushBN abscmp_a
                                                          PopBV abscmp_a_bv<2056>
                                                          PushBN abscmp_b
                                                          PopBV abscmp_b_bv<2056>
                                                          abscmp_diff<2056> := (abscmp_a_bv - abscmp_b_bv)
                                                          abscmp_result<32> := (0b1 & (abscmp_diff = 0)) ? 0 : (0b1 & (abscmp_diff{2055} = 1)) ? - (1) : 1
                                                          return abscmp_result
                                                        end
                                                        hook <BN_add> with
                                                          add_b := arg(2)
                                                          add_a := arg(1)
                                                          add_r := arg(0)
                                                          PushBN add_a
                                                          PushBN add_b
                                                          AddBN
                                                          PopBN add_r
                                                          return 1
                                                        end
                                                        hook <BN_sub> with
                                                          sub_b := arg(2)
                                                          sub_a := arg(1)
                                                          sub_r := arg(0)
                                                          PushBN sub_a
                                                          PushBN sub_b
                                                          SubBN
                                                          PopBN sub_r
                                                          return 1
                                                        end
                                                        hook <BN_uadd> with
                                                          uadd_b := arg(2)
                                                          uadd_a := arg(1)
                                                          uadd_r := arg(0)
                                                          PushBN uadd_a
                                                          PushBN uadd_b
                                                          AddBN
                                                          PopBN uadd_r
                                                          return 1
                                                        end
                                                        hook <BN_usub> with
                                                          usub_b := arg(2)
                                                          usub_a := arg(1)
                                                          usub_r := arg(0)
                                                          PushBN usub_a
                                                          PushBN usub_b
                                                          SubBN
                                                          PopBN usub_r
                                                          return 1
                                                        end
                                                        hook <BN_cmp> with
                                                          cmp_b := arg(1)
                                                          cmp_a := arg(0)
                                                          PushBN cmp_a
                                                          PopBV cmp_a_bv<2056>
                                                          PushBN cmp_b
                                                          PopBV cmp_b_bv<2056>
                                                          cmp_diff<2056> := (cmp_a_bv - cmp_b_bv)
                                                          cmp_result<32> := (0b1 & (cmp_diff = 0)) ? 0 : (0b1 & (cmp_diff{2055} = 1)) ? - (1) : 1
                                                          return cmp_result
                                                        end
                                                        hook <BN_is_zero> with
                                                          is_zero_a := arg(0)
                                                          PushBN is_zero_a
                                                          PopBV is_zero_a_bv<2056>
                                                          is_zero_result<32> := (0b1 & (is_zero_a_bv = 0)) ? 1 : 0
                                                          return is_zero_result
                                                        end
                                                        hook <BN_is_one> with
                                                          is_one_a := arg(0)
                                                          PushBN is_one_a
                                                          PopBV is_one_a_bv<2056>
                                                          is_one_result<32> := (0b1 & (is_one_a_bv = 1)) ? 1 : 0
                                                          return is_one_result
                                                        end
                                                        hook <BN_gcd> with
                                                          nop
                                                          gcd_b := arg(2)
                                                          gcd_a := arg(1)
                                                          gcd_r := arg(0)
                                                          PushBN gcd_a
                                                          PopBV gcd_x<2056>
                                                          PushBN gcd_b
                                                          PopBV gcd_y<2056>
                                                          gcd_i<32> := 0
                                                          %80:
                                                          if (gcd_i<32> <=s 2055) then goto %81
                                                          goto %82
                                                          %81:
                                                          gcd_done<32> := (0b1 & (gcd_y = 0)) ? 1 : 0
                                                          gcd_temp<2056> := (0b1 & (gcd_y = 0)) ? 0 : (gcd_x %u gcd_y)
                                                          gcd_x := (0b1 & (gcd_done = 1)) ? gcd_x : gcd_y
                                                          gcd_y := (0b1 & (gcd_done = 1)) ? 0 : gcd_temp
                                                          gcd_x := (0b1 & (gcd_done = 1)) ? gcd_x : gcd_x
                                                          gcd_i<32> := (gcd_i<32> + 1)
                                                          goto %80
                                                          %82:
                                                          PushBV gcd_x
                                                          PopBN gcd_r
                                                          return 1
                                                        end
                                                        hook <BN_mask_bits> with
                                                          mask_n := arg(1)
                                                          mask_a := arg(0)
                                                          PushBN mask_a
                                                          PopBV mask_a_bv<2056>
                                                          mask_value<2056> := (0b1 & (mask_n <=u 0)) ? 0 : (0b1 & (mask_n >=u 2056)) ? - (1) : ((1 << (uext2056 mask_n)) - 1)
                                                          mask_result<2056> := (mask_a_bv & mask_value)
                                                          PushBV mask_result
                                                          PopBN mask_a
                                                          return 1
                                                        end
                                                        hook <BN_mod_add> with
                                                          nop
                                                          modadd_m := arg(3)
                                                          modadd_b := arg(2)
                                                          modadd_a := arg(1)
                                                          modadd_r := arg(0)
                                                          PushBN modadd_a
                                                          PushBN modadd_m
                                                          ModUBN
                                                          PushBN modadd_b
                                                          PushBN modadd_m
                                                          ModUBN
                                                          AddBN
                                                          PushBN modadd_m
                                                          ModUBN
                                                          PopBN modadd_r
                                                          return 1
                                                        end
                                                        hook <BN_mod_lshift> with
                                                          nop
                                                          modlshift_m := arg(3)
                                                          modlshift_n := arg(2)
                                                          modlshift_a := arg(1)
                                                          modlshift_r := arg(0)
                                                          PushBN modlshift_a
                                                          PushBN modlshift_m
                                                          ModUBN
                                                          PopBV modlshift_a_reduced<2056>
                                                          modlshift_n_bv<2056> := (uext2056 modlshift_n)
                                                          modlshift_shifted<2056> := (modlshift_a_reduced << modlshift_n_bv)
                                                          PushBV modlshift_shifted
                                                          PushBN modlshift_m
                                                          ModUBN
                                                          PopBN modlshift_r
                                                          return 1
                                                        end
                                                        hook <BN_mod_lshift1> with
                                                          nop
                                                          modlshift1_m := arg(2)
                                                          modlshift1_a := arg(1)
                                                          modlshift1_r := arg(0)
                                                          PushBN modlshift1_a
                                                          PushBN modlshift1_m
                                                          ModUBN
                                                          PushBN modlshift1_a
                                                          PushBN modlshift1_m
                                                          ModUBN
                                                          AddBN
                                                          PushBN modlshift1_m
                                                          ModUBN
                                                          PopBN modlshift1_r
                                                          return 1
                                                        end
                                                        hook <BN_mod_mul> with
                                                          nop
                                                          modmul_m := arg(3)
                                                          modmul_b := arg(2)
                                                          modmul_a := arg(1)
                                                          modmul_r := arg(0)
                                                          PushBN modmul_a
                                                          PushBN modmul_m
                                                          ModUBN
                                                          PushBN modmul_b
                                                          PushBN modmul_m
                                                          ModUBN
                                                          MulBN
                                                          PushBN modmul_m
                                                          ModUBN
                                                          PopBN modmul_r
                                                          return 1
                                                        end
                                                        hook <BN_mod_sqr> with
                                                          nop
                                                          modsqr_m := arg(2)
                                                          modsqr_a := arg(1)
                                                          modsqr_r := arg(0)
                                                          PushBN modsqr_a
                                                          PushBN modsqr_m
                                                          ModUBN
                                                          PushBN modsqr_a
                                                          PushBN modsqr_m
                                                          ModUBN
                                                          MulBN
                                                          PushBN modsqr_m
                                                          ModUBN
                                                          PopBN modsqr_r
                                                          return 1
                                                        end
                                                        hook <BN_mod_sub> with
                                                          nop
                                                          modsub_m := arg(3)
                                                          modsub_b := arg(2)
                                                          modsub_a := arg(1)
                                                          modsub_r := arg(0)
                                                          PushBN modsub_a
                                                          PushBN modsub_m
                                                          ModUBN
                                                          PushBN modsub_b
                                                          PushBN modsub_m
                                                          ModUBN
                                                          SubBN
                                                          PushBN modsub_m
                                                          AddBN
                                                          PushBN modsub_m
                                                          ModUBN
                                                          PopBN modsub_r
                                                          return 1
                                                        end
                                                        hook <BN_mul> with
                                                          nop
                                                          mul_b := arg(2)
                                                          mul_a := arg(1)
                                                          mul_r := arg(0)
                                                          PushBN mul_a
                                                          PushBN mul_b
                                                          MulBN
                                                          PopBN mul_r
                                                          return 1
                                                        end
                                                        hook <bn_mul_fixed_top> with
                                                          nop
                                                          fmul_b := arg(2)
                                                          fmul_a := arg(1)
                                                          fmul_r := arg(0)
                                                          PushBN fmul_a
                                                          PopBV fmul_a_bv<2056>
                                                          PushBN fmul_b
                                                          PopBV fmul_b_bv<2056>
                                                          print hexa fmul_a_bv
                                                          print hexa fmul_b_bv
                                                          fmul_a_bv_ex<5112> := (uext5112 fmul_a_bv)
                                                          fmul_b_bv_ex<5112> := (uext5112 fmul_b_bv)
                                                          fmul_r_bv_ex<5112> := (fmul_a_bv_ex * fmul_b_bv_ex)
                                                          print hexa fmul_r_bv_ex
                                                          fmul_r_bv<2056> := fmul_r_bv_ex{2055..0}
                                                          print hexa fmul_r_bv
                                                          PushBV fmul_r_bv
                                                          PopBN fmul_r
                                                        end
                                                        hook <BN_rshift> with
                                                          rshift_n := arg(2)
                                                          rshift_a := arg(1)
                                                          rshift_r := arg(0)
                                                          PushBN rshift_a
                                                          rshift_n_bv<2056> := (uext2056 rshift_n)
                                                          PushBV rshift_n_bv
                                                          RShiftSBN
                                                          PopBN rshift_r
                                                          return 1
                                                        end
                                                        hook <BN_rshift1> with
                                                          rshift1_a := arg(1)
                                                          rshift1_r := arg(0)
                                                          PushBN rshift1_a
                                                          rshift1_n_bv<2056> := 1
                                                          PushBV rshift1_n_bv
                                                          RShiftSBN
                                                          PopBN rshift1_r
                                                          return 1
                                                        end
                                                        hook <BN_sqr> with
                                                          nop
                                                          sqr_a := arg(1)
                                                          sqr_r := arg(0)
                                                          PushBN sqr_a
                                                          sqr_b<32> := sqr_a
                                                          PushBN sqr_b
                                                          MulBN
                                                          PopBN sqr_r
                                                          return 1
                                                        end
                                                        hook <BN_uadd> with
                                                          uadd_b := arg(2)
                                                          uadd_a := arg(1)
                                                          uadd_r := arg(0)
                                                          call_macro mk_safe(uadd_r as uadd_r)
                                                          PushBN uadd_a
                                                          PushBN uadd_b
                                                          AddBN
                                                          PopBN uadd_r
                                                          return 1
                                                        end
[sse:debug] 56555000 :: 0x56555000-0x56585000 00000000 /home/faisal/code/lsl/sct/benchmark/32/openssl-O3/rsa_decrypt_oaep/bin/rsa_decrypt_oaep_openssl-O3_32
[sse:debug] f7d68000 :: 0xf7d68000-0xf7d8b000 00000000 /usr/lib/i386-linux-gnu/libc.so.6
[sse:debug] f7fc9000 :: 0xf7fc9000-0xf7fca000 00000000 /usr/lib/i386-linux-gnu/ld-linux.so.2
[sse:debug] 0x00000000 anonymous
[sse:debug] 0x00000000 anonymous
[sse:debug] 0x00000000 anonymous
[sse:debug] 0x00000000 anonymous
[sse:debug] 0x00000000 anonymous
[sse:debug] 0x00000000 anonymous
[sse:debug] 0x00000000 anonymous
[sse:debug] 0x00000000 anonymous
[sse:warning] Can not resolve symbol <ERR_put_error>.
              Will ignore the following 
[sse:warning] Can not resolve symbol <BN_abs_cmp>.
              Will ignore the following 
Fatal error: exception Invalid_argument("mismatched operands size")
